This is pdfTeX, Version 3.14159265-2.6-1.40.17 (MiKTeX 2.9) (preloaded format=pdflatex 2016.9.21)  8 DEC 2016 21:56
entering extended mode
**./poster_landscape.tex
(poster_landscape.tex
LaTeX2e <2016/03/31> patch level 3
Babel <3.9r> and hyphenation patterns for 75 language(s) loaded.
(baposter.cls
Document Class: baposter 2011/11/26 v2.0 baposter class
("C:\Program Files (x86)\MiKTeX 2.9\tex\latex\base\article.cls"
Document Class: article 2014/09/29 v1.4h Standard LaTeX document class
("C:\Program Files (x86)\MiKTeX 2.9\tex\latex\base\size10.clo"
File: size10.clo 2014/09/29 v1.4h Standard LaTeX file (size option)
)
\c@part=\count79
\c@section=\count80
\c@subsection=\count81
\c@subsubsection=\count82
\c@paragraph=\count83
\c@subparagraph=\count84
\c@figure=\count85
\c@table=\count86
\abovecaptionskip=\skip41
\belowcaptionskip=\skip42
\bibindent=\dimen102
)
baposter: Brian Amberg, 2007, 2008, 2009, 2010, 2011 | http://www.brian-amberg.
de/uni/poster/
baposter: Reinhold Kainhofer, 2011 | http://reinhold.kainhofer.com/
\baposter@basepaperwidth=\skip43
\baposter@basepaperheight=\skip44
\baposter@basemargin=\skip45
\baposter@finalpaperwidth=\skip46
\baposter@finalpaperheight=\skip47
\baposter@finalmargin=\skip48
\headerheight=\skip49
\colwidth=\skip50
\colheight=\skip51
\baposter@@colspacing=\skip52
\baposter@box@@cornerradius=\skip53
\baposter@box@@boxheaderheight=\skip54
\baposter@box@@boxpadding=\skip55
\boxstartx=\skip56
\boxstarty=\skip57
\boxwidth=\skip58
\boxheight=\skip59
\baposter@titleimage@left@width=\skip60
\baposter@titleimage@right@width=\skip61
\baposter@titleimage@textwidth=\skip62
\baposter@box@content=\box26
\baposter@titleimage@left=\box27
\baposter@titleimage@title=\box28
\baposter@titleimage@right=\box29
Use Packages
("C:\Program Files (x86)\MiKTeX 2.9\tex\latex\xkeyval\xkeyval.sty"
Package: xkeyval 2014/12/03 v2.7a package option processing (HA)

("C:\Program Files (x86)\MiKTeX 2.9\tex\generic\xkeyval\xkeyval.tex"
("C:\Program Files (x86)\MiKTeX 2.9\tex\generic\xkeyval\xkvutils.tex"
\XKV@toks=\toks14
\XKV@tempa@toks=\toks15

("C:\Program Files (x86)\MiKTeX 2.9\tex\generic\xkeyval\keyval.tex"))
\XKV@depth=\count87
File: xkeyval.tex 2014/12/03 v2.7a key=value parser (HA)
))
("C:\Program Files (x86)\MiKTeX 2.9\tex\latex\tools\calc.sty"
Package: calc 2014/10/28 v4.3 Infix arithmetic (KKT,FJ)
\calc@Acount=\count88
\calc@Bcount=\count89
\calc@Adimen=\dimen103
\calc@Bdimen=\dimen104
\calc@Askip=\skip63
\calc@Bskip=\skip64
LaTeX Info: Redefining \setlength on input line 80.
LaTeX Info: Redefining \addtolength on input line 81.
\calc@Ccount=\count90
\calc@Cskip=\skip65
)
(C:\Users\v-haoysh\AppData\Roaming\MiKTeX\2.9\tex\latex\xcolor\xcolor.sty
Package: xcolor 2016/05/11 v2.12 LaTeX color extensions (UK)

("C:\Program Files (x86)\MiKTeX 2.9\tex\latex\00miktex\color.cfg"
File: color.cfg 2016/01/02 v1.6 sample color configuration
)
Package xcolor Info: Driver file: pdftex.def on input line 225.

("C:\Program Files (x86)\MiKTeX 2.9\tex\latex\graphics-def\pdftex.def"
File: pdftex.def 2016/07/10 v0.06j Graphics/color for pdfTeX

("C:\Program Files (x86)\MiKTeX 2.9\tex\generic\oberdiek\infwarerr.sty"
Package: infwarerr 2016/05/16 v1.4 Providing info/warning/error messages (HO)
)
("C:\Program Files (x86)\MiKTeX 2.9\tex\generic\oberdiek\ltxcmds.sty"
Package: ltxcmds 2016/05/16 v1.23 LaTeX kernel commands for general use (HO)
)
\Gread@gobject=\count91
)
Package xcolor Info: Model `cmy' substituted by `cmy0' on input line 1348.
Package xcolor Info: Model `hsb' substituted by `rgb' on input line 1352.
Package xcolor Info: Model `RGB' extended on input line 1364.
Package xcolor Info: Model `HTML' substituted by `rgb' on input line 1366.
Package xcolor Info: Model `Hsb' substituted by `hsb' on input line 1367.
Package xcolor Info: Model `tHsb' substituted by `hsb' on input line 1368.
Package xcolor Info: Model `HSB' substituted by `hsb' on input line 1369.
Package xcolor Info: Model `Gray' substituted by `gray' on input line 1370.
Package xcolor Info: Model `wave' substituted by `hsb' on input line 1371.
)
(C:\Users\v-haoysh\AppData\Roaming\MiKTeX\2.9\tex\latex\pgf\frontendlayer\tikz.
sty
(C:\Users\v-haoysh\AppData\Roaming\MiKTeX\2.9\tex\latex\pgf\basiclayer\pgf.sty
(C:\Users\v-haoysh\AppData\Roaming\MiKTeX\2.9\tex\latex\pgf\utilities\pgfrcs.st
y
(C:\Users\v-haoysh\AppData\Roaming\MiKTeX\2.9\tex\generic\pgf\utilities\pgfutil
-common.tex
\pgfutil@everybye=\toks16
\pgfutil@tempdima=\dimen105
\pgfutil@tempdimb=\dimen106

(C:\Users\v-haoysh\AppData\Roaming\MiKTeX\2.9\tex\generic\pgf\utilities\pgfutil
-common-lists.tex))
(C:\Users\v-haoysh\AppData\Roaming\MiKTeX\2.9\tex\generic\pgf\utilities\pgfutil
-latex.def
\pgfutil@abb=\box30

(C:\Users\v-haoysh\AppData\Roaming\MiKTeX\2.9\tex\latex\ms\everyshi.sty
Package: everyshi 2001/05/15 v3.00 EveryShipout Package (MS)
))
(C:\Users\v-haoysh\AppData\Roaming\MiKTeX\2.9\tex\generic\pgf\utilities\pgfrcs.
code.tex
Package: pgfrcs 2015/08/07 v3.0.1a (rcs-revision 1.31)
))
Package: pgf 2015/08/07 v3.0.1a (rcs-revision 1.15)

(C:\Users\v-haoysh\AppData\Roaming\MiKTeX\2.9\tex\latex\pgf\basiclayer\pgfcore.
sty ("C:\Program Files (x86)\MiKTeX 2.9\tex\latex\graphics\graphicx.sty"
Package: graphicx 2014/10/28 v1.0g Enhanced LaTeX Graphics (DPC,SPQR)

("C:\Program Files (x86)\MiKTeX 2.9\tex\latex\graphics\graphics.sty"
Package: graphics 2016/07/10 v1.0t Standard LaTeX Graphics (DPC,SPQR)

("C:\Program Files (x86)\MiKTeX 2.9\tex\latex\graphics\trig.sty"
Package: trig 2016/01/03 v1.10 sin cos tan (DPC)
)
("C:\Program Files (x86)\MiKTeX 2.9\tex\latex\00miktex\graphics.cfg"
File: graphics.cfg 2016/06/04 v1.11 sample graphics configuration
)
Package graphics Info: Driver file: pdftex.def on input line 99.
)
\Gin@req@height=\dimen107
\Gin@req@width=\dimen108
)
(C:\Users\v-haoysh\AppData\Roaming\MiKTeX\2.9\tex\latex\pgf\systemlayer\pgfsys.
sty
(C:\Users\v-haoysh\AppData\Roaming\MiKTeX\2.9\tex\generic\pgf\systemlayer\pgfsy
s.code.tex
Package: pgfsys 2014/07/09 v3.0.1a (rcs-revision 1.48)

(C:\Users\v-haoysh\AppData\Roaming\MiKTeX\2.9\tex\generic\pgf\utilities\pgfkeys
.code.tex
\pgfkeys@pathtoks=\toks17
\pgfkeys@temptoks=\toks18

(C:\Users\v-haoysh\AppData\Roaming\MiKTeX\2.9\tex\generic\pgf\utilities\pgfkeys
filtered.code.tex
\pgfkeys@tmptoks=\toks19
))
\pgf@x=\dimen109
\pgf@y=\dimen110
\pgf@xa=\dimen111
\pgf@ya=\dimen112
\pgf@xb=\dimen113
\pgf@yb=\dimen114
\pgf@xc=\dimen115
\pgf@yc=\dimen116
\w@pgf@writea=\write3
\r@pgf@reada=\read1
\c@pgf@counta=\count92
\c@pgf@countb=\count93
\c@pgf@countc=\count94
\c@pgf@countd=\count95
\t@pgf@toka=\toks20
\t@pgf@tokb=\toks21
\t@pgf@tokc=\toks22

(C:\Users\v-haoysh\AppData\Roaming\MiKTeX\2.9\tex\generic\pgf\systemlayer\pgf.c
fg
File: pgf.cfg 2008/05/14  (rcs-revision 1.7)
)
Driver file for pgf: pgfsys-pdftex.def

(C:\Users\v-haoysh\AppData\Roaming\MiKTeX\2.9\tex\generic\pgf\systemlayer\pgfsy
s-pdftex.def
File: pgfsys-pdftex.def 2014/10/11  (rcs-revision 1.35)

(C:\Users\v-haoysh\AppData\Roaming\MiKTeX\2.9\tex\generic\pgf\systemlayer\pgfsy
s-common-pdf.def
File: pgfsys-common-pdf.def 2013/10/10  (rcs-revision 1.13)
)))
(C:\Users\v-haoysh\AppData\Roaming\MiKTeX\2.9\tex\generic\pgf\systemlayer\pgfsy
ssoftpath.code.tex
File: pgfsyssoftpath.code.tex 2013/09/09  (rcs-revision 1.9)
\pgfsyssoftpath@smallbuffer@items=\count96
\pgfsyssoftpath@bigbuffer@items=\count97
)
(C:\Users\v-haoysh\AppData\Roaming\MiKTeX\2.9\tex\generic\pgf\systemlayer\pgfsy
sprotocol.code.tex
File: pgfsysprotocol.code.tex 2006/10/16  (rcs-revision 1.4)
))
(C:\Users\v-haoysh\AppData\Roaming\MiKTeX\2.9\tex\generic\pgf\basiclayer\pgfcor
e.code.tex
Package: pgfcore 2010/04/11 v3.0.1a (rcs-revision 1.7)

(C:\Users\v-haoysh\AppData\Roaming\MiKTeX\2.9\tex\generic\pgf\math\pgfmath.code
.tex
(C:\Users\v-haoysh\AppData\Roaming\MiKTeX\2.9\tex\generic\pgf\math\pgfmathcalc.
code.tex
(C:\Users\v-haoysh\AppData\Roaming\MiKTeX\2.9\tex\generic\pgf\math\pgfmathutil.
code.tex)
(C:\Users\v-haoysh\AppData\Roaming\MiKTeX\2.9\tex\generic\pgf\math\pgfmathparse
r.code.tex
\pgfmath@dimen=\dimen117
\pgfmath@count=\count98
\pgfmath@box=\box31
\pgfmath@toks=\toks23
\pgfmath@stack@operand=\toks24
\pgfmath@stack@operation=\toks25
)
(C:\Users\v-haoysh\AppData\Roaming\MiKTeX\2.9\tex\generic\pgf\math\pgfmathfunct
ions.code.tex
(C:\Users\v-haoysh\AppData\Roaming\MiKTeX\2.9\tex\generic\pgf\math\pgfmathfunct
ions.basic.code.tex)
(C:\Users\v-haoysh\AppData\Roaming\MiKTeX\2.9\tex\generic\pgf\math\pgfmathfunct
ions.trigonometric.code.tex)
(C:\Users\v-haoysh\AppData\Roaming\MiKTeX\2.9\tex\generic\pgf\math\pgfmathfunct
ions.random.code.tex)
(C:\Users\v-haoysh\AppData\Roaming\MiKTeX\2.9\tex\generic\pgf\math\pgfmathfunct
ions.comparison.code.tex)
(C:\Users\v-haoysh\AppData\Roaming\MiKTeX\2.9\tex\generic\pgf\math\pgfmathfunct
ions.base.code.tex)
(C:\Users\v-haoysh\AppData\Roaming\MiKTeX\2.9\tex\generic\pgf\math\pgfmathfunct
ions.round.code.tex)
(C:\Users\v-haoysh\AppData\Roaming\MiKTeX\2.9\tex\generic\pgf\math\pgfmathfunct
ions.misc.code.tex)
(C:\Users\v-haoysh\AppData\Roaming\MiKTeX\2.9\tex\generic\pgf\math\pgfmathfunct
ions.integerarithmetics.code.tex)))
(C:\Users\v-haoysh\AppData\Roaming\MiKTeX\2.9\tex\generic\pgf\math\pgfmathfloat
.code.tex
\c@pgfmathroundto@lastzeros=\count99
))
(C:\Users\v-haoysh\AppData\Roaming\MiKTeX\2.9\tex\generic\pgf\basiclayer\pgfcor
epoints.code.tex
File: pgfcorepoints.code.tex 2013/10/07  (rcs-revision 1.27)
\pgf@picminx=\dimen118
\pgf@picmaxx=\dimen119
\pgf@picminy=\dimen120
\pgf@picmaxy=\dimen121
\pgf@pathminx=\dimen122
\pgf@pathmaxx=\dimen123
\pgf@pathminy=\dimen124
\pgf@pathmaxy=\dimen125
\pgf@xx=\dimen126
\pgf@xy=\dimen127
\pgf@yx=\dimen128
\pgf@yy=\dimen129
\pgf@zx=\dimen130
\pgf@zy=\dimen131
)
(C:\Users\v-haoysh\AppData\Roaming\MiKTeX\2.9\tex\generic\pgf\basiclayer\pgfcor
epathconstruct.code.tex
File: pgfcorepathconstruct.code.tex 2013/10/07  (rcs-revision 1.29)
\pgf@path@lastx=\dimen132
\pgf@path@lasty=\dimen133
)
(C:\Users\v-haoysh\AppData\Roaming\MiKTeX\2.9\tex\generic\pgf\basiclayer\pgfcor
epathusage.code.tex
File: pgfcorepathusage.code.tex 2014/11/02  (rcs-revision 1.24)
\pgf@shorten@end@additional=\dimen134
\pgf@shorten@start@additional=\dimen135
)
(C:\Users\v-haoysh\AppData\Roaming\MiKTeX\2.9\tex\generic\pgf\basiclayer\pgfcor
escopes.code.tex
File: pgfcorescopes.code.tex 2015/05/08  (rcs-revision 1.46)
\pgfpic=\box32
\pgf@hbox=\box33
\pgf@layerbox@main=\box34
\pgf@picture@serial@count=\count100
)
(C:\Users\v-haoysh\AppData\Roaming\MiKTeX\2.9\tex\generic\pgf\basiclayer\pgfcor
egraphicstate.code.tex
File: pgfcoregraphicstate.code.tex 2014/11/02  (rcs-revision 1.12)
\pgflinewidth=\dimen136
)
(C:\Users\v-haoysh\AppData\Roaming\MiKTeX\2.9\tex\generic\pgf\basiclayer\pgfcor
etransformations.code.tex
File: pgfcoretransformations.code.tex 2015/08/07  (rcs-revision 1.20)
\pgf@pt@x=\dimen137
\pgf@pt@y=\dimen138
\pgf@pt@temp=\dimen139
)
(C:\Users\v-haoysh\AppData\Roaming\MiKTeX\2.9\tex\generic\pgf\basiclayer\pgfcor
equick.code.tex
File: pgfcorequick.code.tex 2008/10/09  (rcs-revision 1.3)
)
(C:\Users\v-haoysh\AppData\Roaming\MiKTeX\2.9\tex\generic\pgf\basiclayer\pgfcor
eobjects.code.tex
File: pgfcoreobjects.code.tex 2006/10/11  (rcs-revision 1.2)
)
(C:\Users\v-haoysh\AppData\Roaming\MiKTeX\2.9\tex\generic\pgf\basiclayer\pgfcor
epathprocessing.code.tex
File: pgfcorepathprocessing.code.tex 2013/09/09  (rcs-revision 1.9)
)
(C:\Users\v-haoysh\AppData\Roaming\MiKTeX\2.9\tex\generic\pgf\basiclayer\pgfcor
earrows.code.tex
File: pgfcorearrows.code.tex 2015/05/14  (rcs-revision 1.43)
\pgfarrowsep=\dimen140
)
(C:\Users\v-haoysh\AppData\Roaming\MiKTeX\2.9\tex\generic\pgf\basiclayer\pgfcor
eshade.code.tex
File: pgfcoreshade.code.tex 2013/07/15  (rcs-revision 1.15)
\pgf@max=\dimen141
\pgf@sys@shading@range@num=\count101
)
(C:\Users\v-haoysh\AppData\Roaming\MiKTeX\2.9\tex\generic\pgf\basiclayer\pgfcor
eimage.code.tex
File: pgfcoreimage.code.tex 2013/07/15  (rcs-revision 1.18)

(C:\Users\v-haoysh\AppData\Roaming\MiKTeX\2.9\tex\generic\pgf\basiclayer\pgfcor
eexternal.code.tex
File: pgfcoreexternal.code.tex 2014/07/09  (rcs-revision 1.21)
\pgfexternal@startupbox=\box35
))
(C:\Users\v-haoysh\AppData\Roaming\MiKTeX\2.9\tex\generic\pgf\basiclayer\pgfcor
elayers.code.tex
File: pgfcorelayers.code.tex 2013/07/18  (rcs-revision 1.7)
)
(C:\Users\v-haoysh\AppData\Roaming\MiKTeX\2.9\tex\generic\pgf\basiclayer\pgfcor
etransparency.code.tex
File: pgfcoretransparency.code.tex 2013/09/30  (rcs-revision 1.5)
)
(C:\Users\v-haoysh\AppData\Roaming\MiKTeX\2.9\tex\generic\pgf\basiclayer\pgfcor
epatterns.code.tex
File: pgfcorepatterns.code.tex 2013/11/07  (rcs-revision 1.5)
)))
(C:\Users\v-haoysh\AppData\Roaming\MiKTeX\2.9\tex\generic\pgf\modules\pgfmodule
shapes.code.tex
File: pgfmoduleshapes.code.tex 2014/03/21  (rcs-revision 1.35)
\pgfnodeparttextbox=\box36
)
(C:\Users\v-haoysh\AppData\Roaming\MiKTeX\2.9\tex\generic\pgf\modules\pgfmodule
plot.code.tex
File: pgfmoduleplot.code.tex 2015/08/03  (rcs-revision 1.13)
)
(C:\Users\v-haoysh\AppData\Roaming\MiKTeX\2.9\tex\latex\pgf\compatibility\pgfco
mp-version-0-65.sty
Package: pgfcomp-version-0-65 2007/07/03 v3.0.1a (rcs-revision 1.7)
\pgf@nodesepstart=\dimen142
\pgf@nodesepend=\dimen143
)
(C:\Users\v-haoysh\AppData\Roaming\MiKTeX\2.9\tex\latex\pgf\compatibility\pgfco
mp-version-1-18.sty
Package: pgfcomp-version-1-18 2007/07/23 v3.0.1a (rcs-revision 1.1)
))
(C:\Users\v-haoysh\AppData\Roaming\MiKTeX\2.9\tex\latex\pgf\utilities\pgffor.st
y
(C:\Users\v-haoysh\AppData\Roaming\MiKTeX\2.9\tex\latex\pgf\utilities\pgfkeys.s
ty
(C:\Users\v-haoysh\AppData\Roaming\MiKTeX\2.9\tex\generic\pgf\utilities\pgfkeys
.code.tex))
(C:\Users\v-haoysh\AppData\Roaming\MiKTeX\2.9\tex\latex\pgf\math\pgfmath.sty
(C:\Users\v-haoysh\AppData\Roaming\MiKTeX\2.9\tex\generic\pgf\math\pgfmath.code
.tex))
(C:\Users\v-haoysh\AppData\Roaming\MiKTeX\2.9\tex\generic\pgf\utilities\pgffor.
code.tex
Package: pgffor 2013/12/13 v3.0.1a (rcs-revision 1.25)

(C:\Users\v-haoysh\AppData\Roaming\MiKTeX\2.9\tex\generic\pgf\math\pgfmath.code
.tex)
\pgffor@iter=\dimen144
\pgffor@skip=\dimen145
\pgffor@stack=\toks26
\pgffor@toks=\toks27
))
(C:\Users\v-haoysh\AppData\Roaming\MiKTeX\2.9\tex\generic\pgf\frontendlayer\tik
z\tikz.code.tex
Package: tikz 2015/08/07 v3.0.1a (rcs-revision 1.151)

(C:\Users\v-haoysh\AppData\Roaming\MiKTeX\2.9\tex\generic\pgf\libraries\pgflibr
aryplothandlers.code.tex
File: pgflibraryplothandlers.code.tex 2013/08/31 v3.0.1a (rcs-revision 1.20)
\pgf@plot@mark@count=\count102
\pgfplotmarksize=\dimen146
)
\tikz@lastx=\dimen147
\tikz@lasty=\dimen148
\tikz@lastxsaved=\dimen149
\tikz@lastysaved=\dimen150
\tikzleveldistance=\dimen151
\tikzsiblingdistance=\dimen152
\tikz@figbox=\box37
\tikz@figbox@bg=\box38
\tikz@tempbox=\box39
\tikz@tempbox@bg=\box40
\tikztreelevel=\count103
\tikznumberofchildren=\count104
\tikznumberofcurrentchild=\count105
\tikz@fig@count=\count106

(C:\Users\v-haoysh\AppData\Roaming\MiKTeX\2.9\tex\generic\pgf\modules\pgfmodule
matrix.code.tex
File: pgfmodulematrix.code.tex 2013/09/17  (rcs-revision 1.8)
\pgfmatrixcurrentrow=\count107
\pgfmatrixcurrentcolumn=\count108
\pgf@matrix@numberofcolumns=\count109
)
\tikz@expandcount=\count110

(C:\Users\v-haoysh\AppData\Roaming\MiKTeX\2.9\tex\generic\pgf\frontendlayer\tik
z\libraries\tikzlibrarytopaths.code.tex
File: tikzlibrarytopaths.code.tex 2008/06/17 v3.0.1a (rcs-revision 1.2)
)))
("C:\Program Files (x86)\MiKTeX 2.9\tex\latex\base\ifthen.sty"
Package: ifthen 2014/09/29 v1.1c Standard LaTeX ifthen package (DPC)
)
("C:\Program Files (x86)\MiKTeX 2.9\tex\latex\base\fontenc.sty"
Package: fontenc 2016/06/19 v1.99m Standard LaTeX package

("C:\Program Files (x86)\MiKTeX 2.9\tex\latex\base\t1enc.def"
File: t1enc.def 2016/06/19 v1.99m Standard LaTeX file
LaTeX Font Info:    Redeclaring font encoding T1 on input line 48.
))
(C:\Users\v-haoysh\AppData\Roaming\MiKTeX\2.9\tex\generic\pgf\frontendlayer\tik
z\libraries\tikzlibrarydecorations.code.tex
(C:\Users\v-haoysh\AppData\Roaming\MiKTeX\2.9\tex\generic\pgf\modules\pgfmodule
decorations.code.tex
\pgfdecoratedcompleteddistance=\dimen153
\pgfdecoratedremainingdistance=\dimen154
\pgfdecoratedinputsegmentcompleteddistance=\dimen155
\pgfdecoratedinputsegmentremainingdistance=\dimen156
\pgf@decorate@distancetomove=\dimen157
\pgf@decorate@repeatstate=\count111
\pgfdecorationsegmentamplitude=\dimen158
\pgfdecorationsegmentlength=\dimen159
)
\tikz@lib@dec@box=\box41
)
(C:\Users\v-haoysh\AppData\Roaming\MiKTeX\2.9\tex\generic\pgf\frontendlayer\tik
z\libraries\tikzlibraryfadings.code.tex
File: tikzlibraryfadings.code.tex 2009/11/15 v3.0.1a (rcs-revision 1.2)

(C:\Users\v-haoysh\AppData\Roaming\MiKTeX\2.9\tex\generic\pgf\libraries\pgflibr
aryfadings.code.tex
File: pgflibraryfadings.code.tex 2008/02/07 v3.0.1a (rcs-revision 1.3)
))
(C:\Users\v-haoysh\AppData\Roaming\MiKTeX\2.9\tex\generic\pgf\frontendlayer\tik
z\libraries\tikzlibrarysnakes.code.tex
File: tikzlibrarysnakes.code.tex 2013/07/15 v3.0.1a (rcs-revision 1.7)


Package pgf Warning: Snakes have been superseded by decorations. Please use the
 decoration libraries instead of the snakes library on input line 14.


(C:\Users\v-haoysh\AppData\Roaming\MiKTeX\2.9\tex\generic\pgf\frontendlayer\tik
z\libraries\tikzlibrarydecorations.pathmorphing.code.tex
(C:\Users\v-haoysh\AppData\Roaming\MiKTeX\2.9\tex\generic\pgf\libraries\decorat
ions\pgflibrarydecorations.pathmorphing.code.tex))
(C:\Users\v-haoysh\AppData\Roaming\MiKTeX\2.9\tex\generic\pgf\frontendlayer\tik
z\libraries\tikzlibrarydecorations.pathreplacing.code.tex
(C:\Users\v-haoysh\AppData\Roaming\MiKTeX\2.9\tex\generic\pgf\libraries\decorat
ions\pgflibrarydecorations.pathreplacing.code.tex))
(C:\Users\v-haoysh\AppData\Roaming\MiKTeX\2.9\tex\generic\pgf\frontendlayer\tik
z\libraries\tikzlibrarydecorations.shapes.code.tex
(C:\Users\v-haoysh\AppData\Roaming\MiKTeX\2.9\tex\generic\pgf\libraries\decorat
ions\pgflibrarydecorations.shapes.code.tex)))
(C:\Users\v-haoysh\AppData\Roaming\MiKTeX\2.9\tex\generic\pgf\frontendlayer\tik
z\libraries\tikzlibrarycalc.code.tex
File: tikzlibrarycalc.code.tex 2013/07/15 v3.0.1a (rcs-revision 1.9)
)
\baposter@movebody=\skip66
\baposter@basemarginright=\skip67
\baposter@basemarginleft=\skip68

Paperwidth=2845.27559pt
Paperheight=4023.21968pt
BasePaperwidth=810.91396pt
BasePaperheight=1146.63234pt
("C:\Program Files (x86)\MiKTeX 2.9\tex\latex\geometry\geometry.sty"
Package: geometry 2010/09/12 v5.6 Page Geometry

("C:\Program Files (x86)\MiKTeX 2.9\tex\generic\oberdiek\ifpdf.sty"
Package: ifpdf 2016/05/14 v3.1 Provides the ifpdf switch
)
("C:\Program Files (x86)\MiKTeX 2.9\tex\generic\oberdiek\ifvtex.sty"
Package: ifvtex 2016/05/16 v1.6 Detect VTeX and its facilities (HO)
Package ifvtex Info: VTeX not detected.
)
("C:\Program Files (x86)\MiKTeX 2.9\tex\generic\ifxetex\ifxetex.sty"
Package: ifxetex 2010/09/12 v0.6 Provides ifxetex conditional
)
\Gm@cnth=\count112
\Gm@cntv=\count113
\c@Gm@tempcnt=\count114
\Gm@bindingoffset=\dimen160
\Gm@wd@mp=\dimen161
\Gm@odd@mp=\dimen162
\Gm@even@mp=\dimen163
\Gm@layoutwidth=\dimen164
\Gm@layoutheight=\dimen165
\Gm@layouthoffset=\dimen166
\Gm@layoutvoffset=\dimen167
\Gm@dimlist=\toks28

("C:\Program Files (x86)\MiKTeX 2.9\tex\latex\geometry\geometry.cfg"))
(C:\Users\v-haoysh\AppData\Roaming\MiKTeX\2.9\tex\latex\pgf\utilities\pgfpages.
sty
Package: pgfpages 2011/01/05 ver 0.02
\pgf@logicalpages=\count115
\pgf@firstshipout=\count116
\pgf@lastshipout=\count117
\pgf@currentshipout=\count118
\pgf@cpn=\count119
\pgf@shipoutnextto=\count120
\pgfphysicalheight=\dimen168
\pgfphysicalwidth=\dimen169
\pgfpages@shipoutbox=\box42
)
\pgfpages@box@1=\box43
) ("C:\Program Files (x86)\MiKTeX 2.9\tex\latex\amsmath\amsmath.sty"
Package: amsmath 2016/06/28 v2.15d AMS math features
\@mathmargin=\skip69

For additional information on amsmath, use the `?' option.
("C:\Program Files (x86)\MiKTeX 2.9\tex\latex\amsmath\amstext.sty"
Package: amstext 2000/06/29 v2.01 AMS text

("C:\Program Files (x86)\MiKTeX 2.9\tex\latex\amsmath\amsgen.sty"
File: amsgen.sty 1999/11/30 v2.0 generic functions
\@emptytoks=\toks29
\ex@=\dimen170
))
("C:\Program Files (x86)\MiKTeX 2.9\tex\latex\amsmath\amsbsy.sty"
Package: amsbsy 1999/11/29 v1.2d Bold Symbols
\pmbraise@=\dimen171
)
("C:\Program Files (x86)\MiKTeX 2.9\tex\latex\amsmath\amsopn.sty"
Package: amsopn 2016/03/08 v2.02 operator names
)
\inf@bad=\count121
LaTeX Info: Redefining \frac on input line 199.
\uproot@=\count122
\leftroot@=\count123
LaTeX Info: Redefining \overline on input line 297.
\classnum@=\count124
\DOTSCASE@=\count125
LaTeX Info: Redefining \ldots on input line 394.
LaTeX Info: Redefining \dots on input line 397.
LaTeX Info: Redefining \cdots on input line 518.
\Mathstrutbox@=\box44
\strutbox@=\box45
\big@size=\dimen172
LaTeX Font Info:    Redeclaring font encoding OML on input line 634.
LaTeX Font Info:    Redeclaring font encoding OMS on input line 635.
\macc@depth=\count126
\c@MaxMatrixCols=\count127
\dotsspace@=\muskip10
\c@parentequation=\count128
\dspbrk@lvl=\count129
\tag@help=\toks30
\row@=\count130
\column@=\count131
\maxfields@=\count132
\andhelp@=\toks31
\eqnshift@=\dimen173
\alignsep@=\dimen174
\tagshift@=\dimen175
\tagwidth@=\dimen176
\totwidth@=\dimen177
\lineht@=\dimen178
\@envbody=\toks32
\multlinegap=\skip70
\multlinetaggap=\skip71
\mathdisplay@stack=\toks33
LaTeX Info: Redefining \[ on input line 2739.
LaTeX Info: Redefining \] on input line 2740.
)
("C:\Program Files (x86)\MiKTeX 2.9\tex\latex\amsfonts\amssymb.sty"
Package: amssymb 2013/01/14 v3.01 AMS font symbols

("C:\Program Files (x86)\MiKTeX 2.9\tex\latex\amsfonts\amsfonts.sty"
Package: amsfonts 2013/01/14 v3.01 Basic AMSFonts support
\symAMSa=\mathgroup4
\symAMSb=\mathgroup5
LaTeX Font Info:    Overwriting math alphabet `\mathfrak' in version `bold'
(Font)                  U/euf/m/n --> U/euf/b/n on input line 106.
))
("C:\Program Files (x86)\MiKTeX 2.9\tex\latex\ltxmisc\relsize.sty"
Package: relsize 2003/07/04 ver 3.1
)
("C:\Program Files (x86)\MiKTeX 2.9\tex\latex\multirow\multirow.sty"
\bigstrutjot=\dimen179
)
("C:\Program Files (x86)\MiKTeX 2.9\tex\latex\graphics\rotating.sty"
Package: rotating 2016/05/22 v2.16c rotated objects in LaTeX
\c@r@tfl@t=\count133
\rotFPtop=\skip72
\rotFPbot=\skip73
\rot@float@box=\box46
\rot@mess@toks=\toks34
)
("C:\Program Files (x86)\MiKTeX 2.9\tex\latex\tools\bm.sty"
Package: bm 2016/07/07 v1.2b Bold Symbol Support (DPC/FMi)
\symboldoperators=\mathgroup6
\symboldletters=\mathgroup7
\symboldsymbols=\mathgroup8
LaTeX Font Info:    Redeclaring math alphabet \mathbf on input line 142.
LaTeX Info: Redefining \bm on input line 208.
)
(C:\Users\v-haoysh\AppData\Roaming\MiKTeX\2.9\tex\latex\url\url.sty
\Urlmuskip=\muskip11
Package: url 2013/09/16  ver 3.4  Verb mode for urls, etc.
)
(C:\Users\v-haoysh\AppData\Roaming\MiKTeX\2.9\tex\latex\setspace\setspace.sty
Package: setspace 2011/12/19 v6.7a set line spacing
)
("C:\Program Files (x86)\MiKTeX 2.9\tex\latex\tools\multicol.sty"
Package: multicol 2016/04/07 v1.8p multicolumn formatting (FMi)
\c@tracingmulticols=\count134
\mult@box=\box47
\multicol@leftmargin=\dimen180
\c@unbalance=\count135
\c@collectmore=\count136
\doublecol@number=\count137
\multicoltolerance=\count138
\multicolpretolerance=\count139
\full@width=\dimen181
\page@free=\dimen182
\premulticols=\dimen183
\postmulticols=\dimen184
\multicolsep=\skip74
\multicolbaselineskip=\skip75
\partial@page=\box48
\last@line=\box49
\maxbalancingoverflow=\dimen185
\mult@rightbox=\box50
\mult@grightbox=\box51
\mult@gfirstbox=\box52
\mult@firstbox=\box53
\@tempa=\box54
\@tempa=\box55
\@tempa=\box56
\@tempa=\box57
\@tempa=\box58
\@tempa=\box59
\@tempa=\box60
\@tempa=\box61
\@tempa=\box62
\@tempa=\box63
\@tempa=\box64
\@tempa=\box65
\@tempa=\box66
\@tempa=\box67
\@tempa=\box68
\@tempa=\box69
\@tempa=\box70
\c@columnbadness=\count140
\c@finalcolumnbadness=\count141
\last@try=\dimen186
\multicolovershoot=\dimen187
\multicolundershoot=\dimen188
\mult@nat@firstbox=\box71
\colbreak@box=\box72
\mc@col@check@num=\count142
)
("C:\Program Files (x86)\MiKTeX 2.9\tex\latex\psnfss\palatino.sty"
Package: palatino 2005/04/12 PSNFSS-v9.2a (SPQR) 
)

LaTeX Warning: Unused global option(s):
    [final].

(poster_landscape.aux)
\openout1 = `poster_landscape.aux'.

LaTeX Font Info:    Checking defaults for OML/cmm/m/it on input line 66.
LaTeX Font Info:    ... okay on input line 66.
LaTeX Font Info:    Checking defaults for T1/cmr/m/n on input line 66.
LaTeX Font Info:    ... okay on input line 66.
LaTeX Font Info:    Checking defaults for OT1/cmr/m/n on input line 66.
LaTeX Font Info:    ... okay on input line 66.
LaTeX Font Info:    Checking defaults for OMS/cmsy/m/n on input line 66.
LaTeX Font Info:    ... okay on input line 66.
LaTeX Font Info:    Checking defaults for OMX/cmex/m/n on input line 66.
LaTeX Font Info:    ... okay on input line 66.
LaTeX Font Info:    Checking defaults for U/cmr/m/n on input line 66.
LaTeX Font Info:    ... okay on input line 66.
LaTeX Font Info:    Try loading font information for T1+ppl on input line 66.

("C:\Program Files (x86)\MiKTeX 2.9\tex\latex\psnfss\t1ppl.fd"
File: t1ppl.fd 2001/06/04 font definitions for T1/ppl.
)
(C:\Users\v-haoysh\AppData\Roaming\MiKTeX\2.9\tex\context\base\supp-pdf.mkii
[Loading MPS to PDF converter (version 2006.09.02).]
\scratchcounter=\count143
\scratchdimen=\dimen189
\scratchbox=\box73
\nofMPsegments=\count144
\nofMParguments=\count145
\everyMPshowfont=\toks35
\MPscratchCnt=\count146
\MPscratchDim=\dimen190
\MPnumerator=\count147
\makeMPintoPDFobject=\count148
\everyMPtoPDFconversion=\toks36
) ("C:\Program Files (x86)\MiKTeX 2.9\tex\generic\oberdiek\pdftexcmds.sty"
Package: pdftexcmds 2016/05/21 v0.22 Utility functions of pdfTeX for LuaTeX (HO
)

("C:\Program Files (x86)\MiKTeX 2.9\tex\generic\oberdiek\ifluatex.sty"
Package: ifluatex 2016/05/16 v1.4 Provides the ifluatex switch (HO)
Package ifluatex Info: LuaTeX not detected.
)
Package pdftexcmds Info: LuaTeX not detected.
Package pdftexcmds Info: \pdf@primitive is available.
Package pdftexcmds Info: \pdf@ifprimitive is available.
Package pdftexcmds Info: \pdfdraftmode found.
)
("C:\Program Files (x86)\MiKTeX 2.9\tex\latex\oberdiek\epstopdf-base.sty"
Package: epstopdf-base 2016/05/15 v2.6 Base part for package epstopdf

("C:\Program Files (x86)\MiKTeX 2.9\tex\latex\oberdiek\grfext.sty"
Package: grfext 2016/05/16 v1.2 Manage graphics extensions (HO)

("C:\Program Files (x86)\MiKTeX 2.9\tex\generic\oberdiek\kvdefinekeys.sty"
Package: kvdefinekeys 2016/05/16 v1.4 Define keys (HO)
))
("C:\Program Files (x86)\MiKTeX 2.9\tex\latex\oberdiek\kvoptions.sty"
Package: kvoptions 2016/05/16 v3.12 Key value format for package options (HO)

("C:\Program Files (x86)\MiKTeX 2.9\tex\generic\oberdiek\kvsetkeys.sty"
Package: kvsetkeys 2016/05/16 v1.17 Key value parser (HO)

("C:\Program Files (x86)\MiKTeX 2.9\tex\generic\oberdiek\etexcmds.sty"
Package: etexcmds 2016/05/16 v1.6 Avoid name clashes with e-TeX commands (HO)
Package etexcmds Info: Could not find \expanded.
(etexcmds)             That can mean that you are not using pdfTeX 1.50 or
(etexcmds)             that some package has redefined \expanded.
(etexcmds)             In the latter case, load this package earlier.
)))
Package epstopdf-base Info: Redefining graphics rule for `.eps' on input line 4
38.
Package grfext Info: Graphics extension search list:
(grfext)             [.png,.pdf,.jpg,.mps,.jpeg,.jbig2,.jb2,.PNG,.PDF,.JPG,.JPE
G,.JBIG2,.JB2,.eps]
(grfext)             \AppendGraphicsExtensions on input line 456.
)
ABD: EveryShipout initializing macros
*geometry* driver: auto-detecting
*geometry* detected driver: pdftex
*geometry* verbose mode - [ preamble ] result:
* driver: pdftex
* paper: custom
* layout: <same size as paper>
* layoutoffset:(h,v)=(0.0pt,0.0pt)
* modes: landscape 
* h-part:(L,W,R)=(12.1637pt, 1122.30495pt, 12.1637pt)
* v-part:(T,H,B)=(12.1637pt, 786.58656pt, 12.1637pt)
* \paperwidth=1146.63234pt
* \paperheight=810.91396pt
* \textwidth=1122.30495pt
* \textheight=786.58656pt
* \oddsidemargin=-60.1063pt
* \evensidemargin=-60.1063pt
* \topmargin=-97.1063pt
* \headheight=12.0pt
* \headsep=25.0pt
* \topskip=10.0pt
* \footskip=30.0pt
* \marginparwidth=65.0pt
* \marginparsep=11.0pt
* \columnsep=14.99634pt
* \skip\footins=9.0pt plus 4.0pt minus 2.0pt
* \hoffset=0.0pt
* \voffset=0.0pt
* \mag=1000
* \@twocolumnfalse
* \@twosidefalse
* \@mparswitchfalse
* \@reversemarginfalse
* (1in=72.27pt=25.4mm, 1cm=28.453pt)

\FSZ=\skip76
<images/logo.jpg, id=28, 372.39125pt x 372.39125pt>
File: images/logo.jpg Graphic file (type jpg)
 <use images/logo.jpg>
Package pdftex.def Info: images/logo.jpg used on input line 148.
(pdftex.def)             Requested size: 74.9997pt x 75.0pt.
LaTeX Font Info:    Font shape `T1/ppl/bx/n' in size <10> not available
(Font)              Font shape `T1/ppl/b/n' tried instead on input line 148.
LaTeX Font Info:    Font shape `T1/ppl/bx/n' in size <24.88> not available
(Font)              Font shape `T1/ppl/b/n' tried instead on input line 148.
LaTeX Font Info:    Try loading font information for U+msa on input line 148.

("C:\Program Files (x86)\MiKTeX 2.9\tex\latex\amsfonts\umsa.fd"
File: umsa.fd 2013/01/14 v3.01 AMS symbols A
)
LaTeX Font Info:    Try loading font information for U+msb on input line 148.

("C:\Program Files (x86)\MiKTeX 2.9\tex\latex\amsfonts\umsb.fd"
File: umsb.fd 2013/01/14 v3.01 AMS symbols B
)
Missing character: There is no ; in font nullfont!
Missing character: There is no ; in font nullfont!
LaTeX Font Info:    Font shape `T1/ppl/bx/n' in size <14.4> not available
(Font)              Font shape `T1/ppl/b/n' tried instead on input line 172.
LaTeX Font Info:    Font shape `T1/ppl/bx/sc' in size <14.4> not available
(Font)              Font shape `T1/ppl/b/sc' tried instead on input line 172.
Missing character: There is no ; in font nullfont!
LaTeX Font Info:    Font shape `T1/ppl/bx/n' in size <12> not available
(Font)              Font shape `T1/ppl/b/n' tried instead on input line 193.

Underfull \hbox (badness 10000) in paragraph at lines 193--193

 []

Missing character: There is no ; in font nullfont!
Missing character: There is no ; in font nullfont!
Missing character: There is no ; in font nullfont!
<images/red-4-sec_000_rastered.png, id=32, 803.0pt x 702.625pt>
File: images/red-4-sec_000_rastered.png Graphic file (type png)

<use images/red-4-sec_000_rastered.png>
Package pdftex.def Info: images/red-4-sec_000_rastered.png used on input line 2
32.
(pdftex.def)             Requested size: 109.22882pt x 95.56859pt.

<images/red-4-sec_024_rastered.png, id=33, 803.0pt x 702.625pt>
File: images/red-4-sec_024_rastered.png Graphic file (type png)

<use images/red-4-sec_024_rastered.png>
Package pdftex.def Info: images/red-4-sec_024_rastered.png used on input line 2
32.
(pdftex.def)             Requested size: 109.22882pt x 95.56859pt.

<images/red-4-sec_048_rastered.png, id=34, 803.0pt x 702.625pt>
File: images/red-4-sec_048_rastered.png Graphic file (type png)

<use images/red-4-sec_048_rastered.png>
Package pdftex.def Info: images/red-4-sec_048_rastered.png used on input line 2
32.
(pdftex.def)             Requested size: 109.22882pt x 95.56859pt.

<images/red-4-sec_072_rastered.png, id=35, 803.0pt x 702.625pt>
File: images/red-4-sec_072_rastered.png Graphic file (type png)

<use images/red-4-sec_072_rastered.png>
Package pdftex.def Info: images/red-4-sec_072_rastered.png used on input line 2
32.
(pdftex.def)             Requested size: 109.22882pt x 95.56859pt.

<images/red-4-sec_095_rastered.png, id=36, 803.0pt x 702.625pt>
File: images/red-4-sec_095_rastered.png Graphic file (type png)

<use images/red-4-sec_095_rastered.png>
Package pdftex.def Info: images/red-4-sec_095_rastered.png used on input line 2
32.
(pdftex.def)             Requested size: 109.22882pt x 95.56859pt.

Underfull \hbox (badness 10000) in alignment at lines 232--232
[][][][][]
 []

<images/giraffe-run-000-rastered.png, id=37, 803.0pt x 481.8pt>
File: images/giraffe-run-000-rastered.png Graphic file (type png)

<use images/giraffe-run-000-rastered.png>
Package pdftex.def Info: images/giraffe-run-000-rastered.png used on input line
 232.
(pdftex.def)             Requested size: 109.22882pt x 65.53275pt.

<images/giraffe-run-100-rastered.png, id=38, 803.0pt x 481.8pt>
File: images/giraffe-run-100-rastered.png Graphic file (type png)

<use images/giraffe-run-100-rastered.png>
Package pdftex.def Info: images/giraffe-run-100-rastered.png used on input line
 232.
(pdftex.def)             Requested size: 109.22882pt x 65.53275pt.

<images/giraffe-run-200-rastered.png, id=39, 803.0pt x 481.8pt>
File: images/giraffe-run-200-rastered.png Graphic file (type png)

<use images/giraffe-run-200-rastered.png>
Package pdftex.def Info: images/giraffe-run-200-rastered.png used on input line
 232.
(pdftex.def)             Requested size: 109.22882pt x 65.53275pt.

<images/giraffe-run-300-rastered.png, id=40, 803.0pt x 481.8pt>
File: images/giraffe-run-300-rastered.png Graphic file (type png)

<use images/giraffe-run-300-rastered.png>
Package pdftex.def Info: images/giraffe-run-300-rastered.png used on input line
 232.
(pdftex.def)             Requested size: 109.22882pt x 65.53275pt.

<images/giraffe-run-458-rastered.png, id=41, 803.0pt x 481.8pt>
File: images/giraffe-run-458-rastered.png Graphic file (type png)

<use images/giraffe-run-458-rastered.png>
Package pdftex.def Info: images/giraffe-run-458-rastered.png used on input line
 232.
(pdftex.def)             Requested size: 109.22882pt x 65.53275pt.

Underfull \hbox (badness 10000) in alignment at lines 232--232
[][][][][]
 []

Missing character: There is no ; in font nullfont!
Missing character: There is no ; in font nullfont!
Missing character: There is no ; in font nullfont!
Missing character: There is no ; in font nullfont!
Missing character: There is no ; in font nullfont!
Missing character: There is no ; in font nullfont!
Missing character: There is no ; in font nullfont!
Missing character: There is no ; in font nullfont!
Missing character: There is no ; in font nullfont!
<images/basis-giraffe-example-frame.png, id=42, 481.8pt x 361.35pt>
File: images/basis-giraffe-example-frame.png Graphic file (type png)

<use images/basis-giraffe-example-frame.png>
Package pdftex.def Info: images/basis-giraffe-example-frame.png used on input l
ine 320.
(pdftex.def)             Requested size: 79.67422pt x 59.7525pt.

Underfull \hbox (badness 10000) in paragraph at lines 320--320

 []

<images/basis-giraffe-basis-01.png, id=43, 19.07124pt x 19.07124pt>
File: images/basis-giraffe-basis-01.png Graphic file (type png)

<use images/basis-giraffe-basis-01.png>
Package pdftex.def Info: images/basis-giraffe-basis-01.png used on input line 3
20.
(pdftex.def)             Requested size: 17.52914pt x 17.52914pt.

<images/basis-giraffe-basis-02.png, id=44, 19.07124pt x 19.07124pt>
File: images/basis-giraffe-basis-02.png Graphic file (type png)

<use images/basis-giraffe-basis-02.png>
Package pdftex.def Info: images/basis-giraffe-basis-02.png used on input line 3
20.
(pdftex.def)             Requested size: 17.52914pt x 17.52914pt.

<images/basis-giraffe-basis-03.png, id=45, 19.07124pt x 19.07124pt>
File: images/basis-giraffe-basis-03.png Graphic file (type png)

<use images/basis-giraffe-basis-03.png>
Package pdftex.def Info: images/basis-giraffe-basis-03.png used on input line 3
20.
(pdftex.def)             Requested size: 17.52914pt x 17.52914pt.

<images/basis-giraffe-basis-04.png, id=46, 19.07124pt x 19.07124pt>
File: images/basis-giraffe-basis-04.png Graphic file (type png)

<use images/basis-giraffe-basis-04.png>
Package pdftex.def Info: images/basis-giraffe-basis-04.png used on input line 3
20.
(pdftex.def)             Requested size: 17.52914pt x 17.52914pt.

<images/basis-giraffe-basis-05.png, id=47, 19.07124pt x 19.07124pt>
File: images/basis-giraffe-basis-05.png Graphic file (type png)

<use images/basis-giraffe-basis-05.png>
Package pdftex.def Info: images/basis-giraffe-basis-05.png used on input line 3
20.
(pdftex.def)             Requested size: 17.52914pt x 17.52914pt.

<images/basis-giraffe-basis-06.png, id=48, 19.07124pt x 19.07124pt>
File: images/basis-giraffe-basis-06.png Graphic file (type png)

<use images/basis-giraffe-basis-06.png>
Package pdftex.def Info: images/basis-giraffe-basis-06.png used on input line 3
20.
(pdftex.def)             Requested size: 17.52914pt x 17.52914pt.

<images/basis-giraffe-basis-07.png, id=49, 19.07124pt x 19.07124pt>
File: images/basis-giraffe-basis-07.png Graphic file (type png)

<use images/basis-giraffe-basis-07.png>
Package pdftex.def Info: images/basis-giraffe-basis-07.png used on input line 3
20.
(pdftex.def)             Requested size: 17.52914pt x 17.52914pt.

<images/basis-giraffe-basis-08.png, id=50, 19.07124pt x 19.07124pt>
File: images/basis-giraffe-basis-08.png Graphic file (type png)

<use images/basis-giraffe-basis-08.png>
Package pdftex.def Info: images/basis-giraffe-basis-08.png used on input line 3
20.
(pdftex.def)             Requested size: 17.52914pt x 17.52914pt.

<images/basis-giraffe-basis-09.png, id=51, 19.07124pt x 19.07124pt>
File: images/basis-giraffe-basis-09.png Graphic file (type png)

<use images/basis-giraffe-basis-09.png>
Package pdftex.def Info: images/basis-giraffe-basis-09.png used on input line 3
20.
(pdftex.def)             Requested size: 17.52914pt x 17.52914pt.

<images/basis-giraffe-basis-10.png, id=52, 19.07124pt x 19.07124pt>
File: images/basis-giraffe-basis-10.png Graphic file (type png)

<use images/basis-giraffe-basis-10.png>
Package pdftex.def Info: images/basis-giraffe-basis-10.png used on input line 3
20.
(pdftex.def)             Requested size: 17.52914pt x 17.52914pt.

<images/basis-giraffe-basis-11.png, id=53, 19.07124pt x 19.07124pt>
File: images/basis-giraffe-basis-11.png Graphic file (type png)

<use images/basis-giraffe-basis-11.png>
Package pdftex.def Info: images/basis-giraffe-basis-11.png used on input line 3
20.
(pdftex.def)             Requested size: 17.52914pt x 17.52914pt.

<images/basis-giraffe-basis-12.png, id=54, 19.07124pt x 19.07124pt>
File: images/basis-giraffe-basis-12.png Graphic file (type png)

<use images/basis-giraffe-basis-12.png>
Package pdftex.def Info: images/basis-giraffe-basis-12.png used on input line 3
20.
(pdftex.def)             Requested size: 17.52914pt x 17.52914pt.

<images/basis-giraffe-basis-13.png, id=55, 19.07124pt x 19.07124pt>
File: images/basis-giraffe-basis-13.png Graphic file (type png)

<use images/basis-giraffe-basis-13.png>
Package pdftex.def Info: images/basis-giraffe-basis-13.png used on input line 3
20.
(pdftex.def)             Requested size: 17.52914pt x 17.52914pt.

<images/basis-giraffe-basis-14.png, id=56, 19.07124pt x 19.07124pt>
File: images/basis-giraffe-basis-14.png Graphic file (type png)

<use images/basis-giraffe-basis-14.png>
Package pdftex.def Info: images/basis-giraffe-basis-14.png used on input line 3
20.
(pdftex.def)             Requested size: 17.52914pt x 17.52914pt.

<images/basis-giraffe-basis-15.png, id=57, 19.07124pt x 19.07124pt>
File: images/basis-giraffe-basis-15.png Graphic file (type png)

<use images/basis-giraffe-basis-15.png>
Package pdftex.def Info: images/basis-giraffe-basis-15.png used on input line 3
20.
(pdftex.def)             Requested size: 17.52914pt x 17.52914pt.

<images/basis-giraffe-basis-16.png, id=58, 19.07124pt x 19.07124pt>
File: images/basis-giraffe-basis-16.png Graphic file (type png)

<use images/basis-giraffe-basis-16.png>
Package pdftex.def Info: images/basis-giraffe-basis-16.png used on input line 3
20.
(pdftex.def)             Requested size: 17.52914pt x 17.52914pt.

Underfull \hbox (badness 10000) in paragraph at lines 320--320

 []

<images/basis-giraffe-response-01.png, id=59, 481.8pt x 361.35pt>
File: images/basis-giraffe-response-01.png Graphic file (type png)

<use images/basis-giraffe-response-01.png>
Package pdftex.def Info: images/basis-giraffe-response-01.png used on input lin
e 320.
(pdftex.def)             Requested size: 17.52637pt x 13.14478pt.

<images/basis-giraffe-response-02.png, id=60, 481.8pt x 361.35pt>
File: images/basis-giraffe-response-02.png Graphic file (type png)

<use images/basis-giraffe-response-02.png>
Package pdftex.def Info: images/basis-giraffe-response-02.png used on input lin
e 320.
(pdftex.def)             Requested size: 17.52637pt x 13.14478pt.

<images/basis-giraffe-response-03.png, id=61, 481.8pt x 361.35pt>
File: images/basis-giraffe-response-03.png Graphic file (type png)

<use images/basis-giraffe-response-03.png>
Package pdftex.def Info: images/basis-giraffe-response-03.png used on input lin
e 320.
(pdftex.def)             Requested size: 17.52637pt x 13.14478pt.

<images/basis-giraffe-response-04.png, id=62, 481.8pt x 361.35pt>
File: images/basis-giraffe-response-04.png Graphic file (type png)

<use images/basis-giraffe-response-04.png>
Package pdftex.def Info: images/basis-giraffe-response-04.png used on input lin
e 320.
(pdftex.def)             Requested size: 17.52637pt x 13.14478pt.

<images/basis-giraffe-response-05.png, id=63, 481.8pt x 361.35pt>
File: images/basis-giraffe-response-05.png Graphic file (type png)

<use images/basis-giraffe-response-05.png>
Package pdftex.def Info: images/basis-giraffe-response-05.png used on input lin
e 320.
(pdftex.def)             Requested size: 17.52637pt x 13.14478pt.

<images/basis-giraffe-response-06.png, id=64, 481.8pt x 361.35pt>
File: images/basis-giraffe-response-06.png Graphic file (type png)

<use images/basis-giraffe-response-06.png>
Package pdftex.def Info: images/basis-giraffe-response-06.png used on input lin
e 320.
(pdftex.def)             Requested size: 17.52637pt x 13.14478pt.

<images/basis-giraffe-response-07.png, id=65, 481.8pt x 361.35pt>
File: images/basis-giraffe-response-07.png Graphic file (type png)

<use images/basis-giraffe-response-07.png>
Package pdftex.def Info: images/basis-giraffe-response-07.png used on input lin
e 320.
(pdftex.def)             Requested size: 17.52637pt x 13.14478pt.

<images/basis-giraffe-response-08.png, id=66, 481.8pt x 361.35pt>
File: images/basis-giraffe-response-08.png Graphic file (type png)

<use images/basis-giraffe-response-08.png>
Package pdftex.def Info: images/basis-giraffe-response-08.png used on input lin
e 320.
(pdftex.def)             Requested size: 17.52637pt x 13.14478pt.

<images/basis-giraffe-response-09.png, id=67, 481.8pt x 361.35pt>
File: images/basis-giraffe-response-09.png Graphic file (type png)

<use images/basis-giraffe-response-09.png>
Package pdftex.def Info: images/basis-giraffe-response-09.png used on input lin
e 320.
(pdftex.def)             Requested size: 17.52637pt x 13.14478pt.

<images/basis-giraffe-response-10.png, id=68, 481.8pt x 361.35pt>
File: images/basis-giraffe-response-10.png Graphic file (type png)

<use images/basis-giraffe-response-10.png>
Package pdftex.def Info: images/basis-giraffe-response-10.png used on input lin
e 320.
(pdftex.def)             Requested size: 17.52637pt x 13.14478pt.

<images/basis-giraffe-response-11.png, id=69, 481.8pt x 361.35pt>
File: images/basis-giraffe-response-11.png Graphic file (type png)

<use images/basis-giraffe-response-11.png>
Package pdftex.def Info: images/basis-giraffe-response-11.png used on input lin
e 320.
(pdftex.def)             Requested size: 17.52637pt x 13.14478pt.

<images/basis-giraffe-response-12.png, id=70, 481.8pt x 361.35pt>
File: images/basis-giraffe-response-12.png Graphic file (type png)

<use images/basis-giraffe-response-12.png>
Package pdftex.def Info: images/basis-giraffe-response-12.png used on input lin
e 320.
(pdftex.def)             Requested size: 17.52637pt x 13.14478pt.

<images/basis-giraffe-response-13.png, id=71, 481.8pt x 361.35pt>
File: images/basis-giraffe-response-13.png Graphic file (type png)

<use images/basis-giraffe-response-13.png>
Package pdftex.def Info: images/basis-giraffe-response-13.png used on input lin
e 320.
(pdftex.def)             Requested size: 17.52637pt x 13.14478pt.

<images/basis-giraffe-response-14.png, id=72, 481.8pt x 361.35pt>
File: images/basis-giraffe-response-14.png Graphic file (type png)

<use images/basis-giraffe-response-14.png>
Package pdftex.def Info: images/basis-giraffe-response-14.png used on input lin
e 320.
(pdftex.def)             Requested size: 17.52637pt x 13.14478pt.

<images/basis-giraffe-response-15.png, id=73, 481.8pt x 361.35pt>
File: images/basis-giraffe-response-15.png Graphic file (type png)

<use images/basis-giraffe-response-15.png>
Package pdftex.def Info: images/basis-giraffe-response-15.png used on input lin
e 320.
(pdftex.def)             Requested size: 17.52637pt x 13.14478pt.

<images/basis-giraffe-response-16.png, id=74, 481.8pt x 361.35pt>
File: images/basis-giraffe-response-16.png Graphic file (type png)

<use images/basis-giraffe-response-16.png>
Package pdftex.def Info: images/basis-giraffe-response-16.png used on input lin
e 320.
(pdftex.def)             Requested size: 17.52637pt x 13.14478pt.

Underfull \hbox (badness 10000) in paragraph at lines 320--320
[][]
 []


Underfull \hbox (badness 10000) in paragraph at lines 320--320

 []


LaTeX Warning: Citation `awf:tracking' on page 1 undefined on input line 320.

Missing character: There is no ; in font nullfont!
Missing character: There is no ; in font nullfont!
Missing character: There is no ; in font nullfont!
LaTeX Font Info:    Try loading font information for OMS+ppl on input line 345.

("C:\Program Files (x86)\MiKTeX 2.9\tex\latex\psnfss\omsppl.fd"
File: omsppl.fd 
)
LaTeX Font Info:    Font shape `OMS/ppl/m/n' in size <10> not available
(Font)              Font shape `OMS/cmsy/m/n' tried instead on input line 345.

Underfull \hbox (badness 6978) in paragraph at lines 345--345
[]\T1/ppl/m/n/10 emerald, \T1/ppl/b/n/10 bears\T1/ppl/m/n/10 , \T1/ppl/b/n/10 t
hree-toed\T1/ppl/m/n/10 , \T1/ppl/b/n/10 snake\T1/ppl/m/n/10 , \T1/ppl/b/n/10 p
eri-win-kle\T1/ppl/m/n/10 ,
 []

Missing character: There is no ; in font nullfont!
Missing character: There is no ; in font nullfont!
Missing character: There is no ; in font nullfont!
<images/candidates_lips_ridge_left_bg.png, id=75, 1083.04625pt x 868.24374pt>
File: images/candidates_lips_ridge_left_bg.png Graphic file (type png)

<use images/candidates_lips_ridge_left_bg.png>
Package pdftex.def Info: images/candidates_lips_ridge_left_bg.png used on input
 line 369.
(pdftex.def)             Requested size: 105.22888pt x 84.35202pt.

<images/candidates_lips_ridge_left_no_bg.png, id=76, 1083.04625pt x 868.24374pt
>
File: images/candidates_lips_ridge_left_no_bg.png Graphic file (type png)
 <use images/candidates_lips_ridge_left_no_bg.png>
Package pdftex.def Info: images/candidates_lips_ridge_left_no_bg.png used on in
put line 369.
(pdftex.def)             Requested size: 105.22888pt x 84.35202pt.

Underfull \hbox (badness 10000) in paragraph at lines 369--369
[]
 []

Missing character: There is no ; in font nullfont!
Missing character: There is no ; in font nullfont!
Missing character: There is no ; in font nullfont!
[2

{C:/Users/v-haoysh/AppData/Local/MiKTeX/2.9/pdftex/config/pdftex.map} <./images
/logo.jpg> <./images/red-4-sec_000_rastered.png> <./images/red-4-sec_024_raster
ed.png> <./images/red-4-sec_048_rastered.png> <./images/red-4-sec_072_rastered.
png> <./images/red-4-sec_095_rastered.png> <./images/giraffe-run-000-rastered.p
ng> <./images/giraffe-run-100-rastered.png> <./images/giraffe-run-200-rastered.
png> <./images/giraffe-run-300-rastered.png> <./images/giraffe-run-458-rastered
.png> <./images/basis-giraffe-example-frame.png (PNG copy)> <./images/basis-gir
affe-basis-01.png (PNG copy)> <./images/basis-giraffe-basis-02.png (PNG copy)> 
<./images/basis-giraffe-basis-03.png (PNG copy)> <./images/basis-giraffe-basis-
04.png (PNG copy)> <./images/basis-giraffe-basis-05.png (PNG copy)> <./images/b
asis-giraffe-basis-06.png (PNG copy)> <./images/basis-giraffe-basis-07.png (PNG
 copy)> <./images/basis-giraffe-basis-08.png (PNG copy)> <./images/basis-giraff
e-basis-09.png (PNG copy)> <./images/basis-giraffe-basis-10.png (PNG copy)> <./
images/basis-giraffe-basis-11.png (PNG copy)> <./images/basis-giraffe-basis-12.
png (PNG copy)> <./images/basis-giraffe-basis-13.png (PNG copy)> <./images/basi
s-giraffe-basis-14.png (PNG copy)> <./images/basis-giraffe-basis-15.png (PNG co
py)> <./images/basis-giraffe-basis-16.png (PNG copy)> <./images/basis-giraffe-r
esponse-01.png (PNG copy)> <./images/basis-giraffe-response-02.png (PNG copy)> 
<./images/basis-giraffe-response-03.png (PNG copy)> <./images/basis-giraffe-res
ponse-04.png (PNG copy)> <./images/basis-giraffe-response-05.png (PNG copy)> <.
/images/basis-giraffe-response-06.png (PNG copy)> <./images/basis-giraffe-respo
nse-07.png (PNG copy)> <./images/basis-giraffe-response-08.png (PNG copy)> <./i
mages/basis-giraffe-response-09.png (PNG copy)> <./images/basis-giraffe-respons
e-10.png (PNG copy)> <./images/basis-giraffe-response-11.png (PNG copy)> <./ima
ges/basis-giraffe-response-12.png (PNG copy)> <./images/basis-giraffe-response-
13.png (PNG copy)> <./images/basis-giraffe-response-14.png (PNG copy)> <./image
s/basis-giraffe-response-15.png (PNG copy)> <./images/basis-giraffe-response-16
.png (PNG copy)> <./images/candidates_lips_ridge_left_bg.png> <./images/candida
tes_lips_ridge_left_no_bg.png>] (poster_landscape.aux)

LaTeX Warning: There were undefined references.

 ) 
Here is how much of TeX's memory you used:
 15983 strings out of 493334
 332421 string characters out of 3136663
 593314 words of memory out of 3000000
 19101 multiletter control sequences out of 15000+200000
 27215 words of font info for 55 fonts, out of 3000000 for 9000
 1143 hyphenation exceptions out of 8191
 62i,24n,76p,687b,1374s stack positions out of 5000i,500n,10000p,200000b,50000s
{C:/Program Files (x86)/MiKTeX 2.9/fonts/enc/dvips/fontname/8r.enc}<C:/Progra
m Files (x86)/MiKTeX 2.9/fonts/type1/public/amsfonts/cm/cmex10.pfb><C:/Program 
Files (x86)/MiKTeX 2.9/fonts/type1/public/amsfonts/cm/cmmi10.pfb><C:/Program Fi
les (x86)/MiKTeX 2.9/fonts/type1/public/amsfonts/cm/cmmi7.pfb><C:/Program Files
 (x86)/MiKTeX 2.9/fonts/type1/public/amsfonts/cm/cmr10.pfb><C:/Program Files (x
86)/MiKTeX 2.9/fonts/type1/public/amsfonts/cm/cmr7.pfb><C:/Program Files (x86)/
MiKTeX 2.9/fonts/type1/public/amsfonts/cm/cmsy10.pfb><C:/Program Files (x86)/Mi
KTeX 2.9/fonts/type1/public/amsfonts/cm/cmsy5.pfb><C:/Program Files (x86)/MiKTe
X 2.9/fonts/type1/public/amsfonts/cm/cmsy7.pfb><C:/Program Files (x86)/MiKTeX 2
.9/fonts/type1/urw/palatino/uplb8a.pfb><C:/Program Files (x86)/MiKTeX 2.9/fonts
/type1/urw/palatino/uplr8a.pfb><C:/Program Files (x86)/MiKTeX 2.9/fonts/type1/u
rw/palatino/uplr8a.pfb><C:/Program Files (x86)/MiKTeX 2.9/fonts/type1/urw/palat
ino/uplri8a.pfb>
Output written on poster_landscape.pdf (1 page, 10815798 bytes).
PDF statistics:
 142 PDF objects out of 1000 (max. 8388607)
 0 named destinations out of 1000 (max. 500000)
 345 words of extra memory for PDF output out of 10000 (max. 10000000)

